<?xml version="1.0" encoding="UTF-8"?>
<testng-results ignored="0" total="1" passed="1" failed="0" skipped="0">
  <reporter-output>
  </reporter-output>
  <suite started-at="2026-05-12T23:58:34 JST" name="Surefire suite" finished-at="2026-05-12T23:58:45 JST" duration-ms="11348">
    <groups>
    </groups>
    <test started-at="2026-05-12T23:58:34 JST" name="Surefire test" finished-at="2026-05-12T23:58:45 JST" duration-ms="11348">
      <class name="com.saucedemo.LoginTest">
        <test-method is-config="true" signature="setUp()[pri:0, instance:com.saucedemo.LoginTest@2525ff7e]" started-at="2026-05-12T23:58:34 JST" name="setUp" finished-at="2026-05-12T23:58:36 JST" duration-ms="1989" status="PASS">
          <reporter-output>
          </reporter-output>
        </test-method> <!-- setUp -->
        <test-method signature="validLoginTest()[pri:1, instance:com.saucedemo.LoginTest@2525ff7e]" started-at="2026-05-12T23:58:36 JST" name="validLoginTest" finished-at="2026-05-12T23:58:45 JST" duration-ms="9205" status="PASS">
          <reporter-output>
          </reporter-output>
        </test-method> <!-- validLoginTest -->
        <test-method is-config="true" signature="tearDown()[pri:0, instance:com.saucedemo.LoginTest@2525ff7e]" started-at="2026-05-12T23:58:45 JST" name="tearDown" finished-at="2026-05-12T23:58:45 JST" duration-ms="90" status="PASS">
          <reporter-output>
          </reporter-output>
        </test-method> <!-- tearDown -->
      </class> <!-- com.saucedemo.LoginTest -->
    </test> <!-- Surefire test -->
  </suite> <!-- Surefire suite -->
</testng-results>
