<?xml version="1.0" encoding="UTF-8"?>
<testng-results ignored="0" total="2" passed="2" failed="0" skipped="0">
  <reporter-output>
  </reporter-output>
  <suite started-at="2026-05-19T12:55:23 JST" name="Surefire suite" finished-at="2026-05-19T12:55:36 JST" duration-ms="12349">
    <groups>
    </groups>
    <test started-at="2026-05-19T12:55:23 JST" name="Surefire test" finished-at="2026-05-19T12:55:36 JST" duration-ms="12349">
      <class name="com.saucedemo.LoginTest">
        <test-method is-config="true" signature="setUp()[pri:0, instance:com.saucedemo.LoginTest@524d6d96]" started-at="2026-05-19T12:55:23 JST" name="setUp" finished-at="2026-05-19T12:55:25 JST" duration-ms="1711" status="PASS">
          <reporter-output>
          </reporter-output>
        </test-method> <!-- setUp -->
        <test-method signature="validLoginTest()[pri:1, instance:com.saucedemo.LoginTest@524d6d96]" started-at="2026-05-19T12:55:25 JST" name="validLoginTest" finished-at="2026-05-19T12:55:30 JST" duration-ms="5184" status="PASS">
          <reporter-output>
          </reporter-output>
        </test-method> <!-- validLoginTest -->
        <test-method is-config="true" signature="tearDown()[pri:0, instance:com.saucedemo.LoginTest@524d6d96]" started-at="2026-05-19T12:55:30 JST" name="tearDown" finished-at="2026-05-19T12:55:32 JST" duration-ms="2104" status="PASS">
          <reporter-output>
          </reporter-output>
        </test-method> <!-- tearDown -->
        <test-method is-config="true" signature="setUp()[pri:0, instance:com.saucedemo.LoginTest@524d6d96]" started-at="2026-05-19T12:55:32 JST" name="setUp" finished-at="2026-05-19T12:55:33 JST" duration-ms="1113" status="PASS">
          <reporter-output>
          </reporter-output>
        </test-method> <!-- setUp -->
        <test-method signature="invalidLoginTest()[pri:2, instance:com.saucedemo.LoginTest@524d6d96]" started-at="2026-05-19T12:55:33 JST" name="invalidLoginTest" finished-at="2026-05-19T12:55:33 JST" duration-ms="112" status="PASS">
          <reporter-output>
          </reporter-output>
        </test-method> <!-- invalidLoginTest -->
        <test-method is-config="true" signature="tearDown()[pri:0, instance:com.saucedemo.LoginTest@524d6d96]" started-at="2026-05-19T12:55:33 JST" name="tearDown" finished-at="2026-05-19T12:55:36 JST" duration-ms="2091" status="PASS">
          <reporter-output>
          </reporter-output>
        </test-method> <!-- tearDown -->
      </class> <!-- com.saucedemo.LoginTest -->
    </test> <!-- Surefire test -->
  </suite> <!-- Surefire suite -->
</testng-results>
